2015-02-03 16:44:07,676 [22] Orchard.Exceptions.DefaultExceptionPolicy - Default - An unexpected exception was caught
NHibernate.Exceptions.GenericADOException: could not execute query
[ select distinct customform0_.ContentType as col_0_0_ from Orchard_CustomForms_CustomFormPartRecord customform0_ ]
[SQL: select distinct customform0_.ContentType as col_0_0_ from Orchard_CustomForms_CustomFormPartRecord customform0_] ---> System.Data.SqlClient.SqlException: Invalid object name 'Orchard_CustomForms_CustomFormPartRecord'.
   at System.Data.SqlClient.SqlConnection.OnError(SqlException exception, Boolean breakConnection, Action`1 wrapCloseInAction)
   at System.Data.SqlClient.SqlInternalConnection.OnError(SqlException exception, Boolean breakConnection, Action`1 wrapCloseInAction)
   at System.Data.SqlClient.TdsParser.ThrowExceptionAndWarning(TdsParserStateObject stateObj, Boolean callerHasConnectionLock, Boolean asyncClose)
   at System.Data.SqlClient.TdsParser.TryRun(RunBehavior runBehavior, SqlCommand cmdHandler, SqlDataReader dataStream, BulkCopySimpleResultSet bulkCopyHandler, TdsParserStateObject stateObj, Boolean& dataReady)
   at System.Data.SqlClient.SqlDataReader.TryConsumeMetaData()
   at System.Data.SqlClient.SqlDataReader.get_MetaData()
   at System.Data.SqlClient.SqlCommand.FinishExecuteReader(SqlDataReader ds, RunBehavior runBehavior, String resetOptionsString)
   at System.Data.SqlClient.SqlCommand.RunExecuteReaderTds(CommandBehavior cmdBehavior, RunBehavior runBehavior, Boolean returnStream, Boolean async, Int32 timeout, Task& task, Boolean asyncWrite, SqlDataReader ds)
   at System.Data.SqlClient.SqlCommand.RunExecuteReader(CommandBehavior cmdBehavior, RunBehavior runBehavior, Boolean returnStream, String method, TaskCompletionSource`1 completion, Int32 timeout, Task& task, Boolean asyncWrite)
   at System.Data.SqlClient.SqlCommand.RunExecuteReader(CommandBehavior cmdBehavior, RunBehavior runBehavior, Boolean returnStream, String method)
   at System.Data.SqlClient.SqlCommand.ExecuteReader(CommandBehavior behavior, String method)
   at System.Data.SqlClient.SqlCommand.ExecuteDbDataReader(CommandBehavior behavior)
   at System.Data.Common.DbCommand.System.Data.IDbCommand.ExecuteReader()
   at NHibernate.AdoNet.AbstractBatcher.ExecuteReader(IDbCommand cmd) in c:\Users\sebros\Documents\My Projects\nhibernate-core\src\NHibernate\AdoNet\AbstractBatcher.cs:line 229
   at NHibernate.Loader.Loader.GetResultSet(IDbCommand st, Boolean autoDiscoverTypes, Boolean callable, RowSelection selection, ISessionImplementor session) in c:\Users\sebros\Documents\My Projects\nhibernate-core\src\NHibernate\Loader\Loader.cs:line 1224
   at NHibernate.Loader.Loader.DoQuery(ISessionImplementor session, QueryParameters queryParameters, Boolean returnProxies) in c:\Users\sebros\Documents\My Projects\nhibernate-core\src\NHibernate\Loader\Loader.cs:line 421
   at NHibernate.Loader.Loader.DoQueryAndInitializeNonLazyCollections(ISessionImplementor session, QueryParameters queryParameters, Boolean returnProxies) in c:\Users\sebros\Documents\My Projects\nhibernate-core\src\NHibernate\Loader\Loader.cs:line 251
   at NHibernate.Loader.Loader.DoList(ISessionImplementor session, QueryParameters queryParameters) in c:\Users\sebros\Documents\My Projects\nhibernate-core\src\NHibernate\Loader\Loader.cs:line 1564
   --- End of inner exception stack trace ---
   at NHibernate.Loader.Loader.DoList(ISessionImplementor session, QueryParameters queryParameters) in c:\Users\sebros\Documents\My Projects\nhibernate-core\src\NHibernate\Loader\Loader.cs:line 1573
   at NHibernate.Loader.Loader.ListIgnoreQueryCache(ISessionImplementor session, QueryParameters queryParameters) in c:\Users\sebros\Documents\My Projects\nhibernate-core\src\NHibernate\Loader\Loader.cs:line 1472
   at NHibernate.Loader.Loader.List(ISessionImplementor session, QueryParameters queryParameters, ISet`1 querySpaces, IType[] resultTypes) in c:\Users\sebros\Documents\My Projects\nhibernate-core\src\NHibernate\Loader\Loader.cs:line 1467
   at NHibernate.Hql.Ast.ANTLR.Loader.QueryLoader.List(ISessionImplementor session, QueryParameters queryParameters) in c:\Users\sebros\Documents\My Projects\nhibernate-core\src\NHibernate\Hql\Ast\ANTLR\Loader\QueryLoader.cs:line 288
   at NHibernate.Hql.Ast.ANTLR.QueryTranslatorImpl.List(ISessionImplementor session, QueryParameters queryParameters) in c:\Users\sebros\Documents\My Projects\nhibernate-core\src\NHibernate\Hql\Ast\ANTLR\QueryTranslatorImpl.cs:line 112
   at NHibernate.Engine.Query.HQLQueryPlan.PerformList(QueryParameters queryParameters, ISessionImplementor session, IList results) in c:\Users\sebros\Documents\My Projects\nhibernate-core\src\NHibernate\Engine\Query\HQLQueryPlan.cs:line 116
   at NHibernate.Impl.SessionImpl.List(IQueryExpression queryExpression, QueryParameters queryParameters, IList results) in c:\Users\sebros\Documents\My Projects\nhibernate-core\src\NHibernate\Impl\SessionImpl.cs:line 659
   at NHibernate.Impl.AbstractSessionImpl.List(IQueryExpression queryExpression, QueryParameters parameters) in c:\Users\sebros\Documents\My Projects\nhibernate-core\src\NHibernate\Impl\AbstractSessionImpl.cs:line 92
   at NHibernate.Impl.ExpressionQueryImpl.List() in c:\Users\sebros\Documents\My Projects\nhibernate-core\src\NHibernate\Impl\ExpressionQueryImpl.cs:line 61
   at NHibernate.Linq.DefaultQueryProvider.ExecuteQuery(NhLinqExpression nhLinqExpression, IQuery query, NhLinqExpression nhQuery) in c:\Users\sebros\Documents\My Projects\nhibernate-core\src\NHibernate\Linq\DefaultQueryProvider.cs:line 103
   at NHibernate.Linq.DefaultQueryProvider.Execute(Expression expression) in c:\Users\sebros\Documents\My Projects\nhibernate-core\src\NHibernate\Linq\DefaultQueryProvider.cs:line 35
   at NHibernate.Linq.DefaultQueryProvider.Execute[TResult](Expression expression) in c:\Users\sebros\Documents\My Projects\nhibernate-core\src\NHibernate\Linq\DefaultQueryProvider.cs:line 40
   at Remotion.Linq.QueryableBase`1.GetEnumerator() in :line 0
   at System.Collections.Generic.List`1..ctor(IEnumerable`1 collection)
   at System.Linq.Enumerable.ToList[TSource](IEnumerable`1 source)
   at Orchard.CustomForms.Permissions.<GetPermissions>d__0.MoveNext()
   at Orchard.Roles.Services.RoleService.GetPermissionDescription(String permissionName)
   at Orchard.Roles.Services.RoleService.CreatePermissionForRole(String roleName, String permissionName)
   at Orchard.Roles.DefaultRoleUpdater.AddDefaultRolesForFeature(Feature feature)
   at Orchard.Roles.DefaultRoleUpdater.Orchard.Environment.IFeatureEventHandler.Installing(Feature feature)
   at Orchard.Events.DelegateHelper.<>c__DisplayClass2b`2.<BuildAction>b__2a(Object target, Object[] p) in d:\iPhoenix Local Development\Orchard.Source.1.8.1\src\Orchard\Events\DelegateHelper.cs:line 116
   at Orchard.Events.DefaultOrchardEventBus.TryInvokeMethod(IEventHandler eventHandler, Type interfaceType, String messageName, String interfaceName, String methodName, IDictionary`2 arguments, IEnumerable& returnValue) in d:\iPhoenix Local Development\Orchard.Source.1.8.1\src\Orchard\Events\DefaultOrchardEventBus.cs:line 81
   at Orchard.Events.DefaultOrchardEventBus.TryInvoke(IEventHandler eventHandler, String messageName, String interfaceName, String methodName, IDictionary`2 arguments, IEnumerable& returnValue) in d:\iPhoenix Local Development\Orchard.Source.1.8.1\src\Orchard\Events\DefaultOrchardEventBus.cs:line 67
   at Orchard.Events.DefaultOrchardEventBus.TryNotifyHandler(IEventHandler eventHandler, String messageName, String interfaceName, String methodName, IDictionary`2 eventData, IEnumerable& returnValue) in d:\iPhoenix Local Development\Orchard.Source.1.8.1\src\Orchard\Events\DefaultOrchardEventBus.cs:line 53
